<?xml version="1.0" encoding="UTF-8"?>
<!-- Generated by org.testng.reporters.JUnitReportReporter -->
<testsuite hostname="Vivek" failures="0" tests="1" name="testngpkg.Fileuploadsendkeys" time="0.116" errors="0" timestamp="2024-09-18T11:54:04 IST" skipped="0">
  <testcase classname="testngpkg.Fileuploadsendkeys" name="test" time="0.116"/>
  <system-out/>
</testsuite> <!-- testngpkg.Fileuploadsendkeys -->
