<?xml version="1.0" encoding="UTF-8"?>
<!-- Generated by org.testng.reporters.JUnitReportReporter -->
<testsuite hostname="Vivek" failures="0" tests="5" name="testngpkg.Testngpgmdemo" time="0.015" errors="0" timestamp="2024-09-06T11:40:33 IST" skipped="1">
  <testcase classname="testngpkg.Testngpgmdemo" name="test4" time="0.012"/>
  <system-out/>
  <testcase classname="testngpkg.Testngpgmdemo" name="test2" time="0.000"/>
  <system-out/>
  <testcase classname="testngpkg.Testngpgmdemo" name="test2" time="0.002"/>
  <system-out/>
  <testcase classname="testngpkg.Testngpgmdemo" name="test2" time="0.001"/>
  <system-out/>
  <testcase classname="testngpkg.Testngpgmdemo" name="test1">
    <skipped/>
  </testcase> <!-- test1 -->
  <system-out/>
</testsuite> <!-- testngpkg.Testngpgmdemo -->
