<?xml version="1.0" encoding="UTF-8"?>
<!-- Generated by org.testng.reporters.JUnitReportReporter -->
<testsuite hostname="Vivek" failures="0" tests="1" name="testngpkg.Datadriventest" time="46.518" errors="0" timestamp="2024-09-18T11:24:38 IST" skipped="0">
  <testcase classname="testngpkg.Datadriventest" name="datadriven" time="46.518"/>
  <system-out/>
</testsuite> <!-- testngpkg.Datadriventest -->
