<?xml version="1.0" encoding="UTF-8"?>
<!-- Generated by org.testng.reporters.JUnitReportReporter -->
<testsuite hostname="Vivek" failures="0" tests="1" name="testpkg.Fblogintest" time="0.170" errors="0" timestamp="2024-09-25T13:15:09 IST" skipped="0">
  <testcase classname="testpkg.Fblogintest" name="test1" time="0.170"/>
  <system-out/>
</testsuite> <!-- testpkg.Fblogintest -->
