<?xml version="1.0" encoding="UTF-8"?>
<!-- Generated by org.testng.reporters.JUnitReportReporter -->
<testsuite hostname="Vivek" failures="0" tests="1" name="testngpkg.Parameter1" time="0.010" errors="0" timestamp="2024-09-06T11:49:39 IST" skipped="0">
  <testcase classname="testngpkg.Parameter1" name="test" time="0.010"/>
  <system-out/>
</testsuite> <!-- testngpkg.Parameter1 -->
