<?xml version="1.0" encoding="UTF-8"?>
<!-- Generated by org.testng.reporters.JUnitReportReporter -->
<testsuite hostname="Vivek" failures="0" tests="1" name="testngpkg.Facebooktestng" time="0.264" errors="0" timestamp="2024-09-06T12:24:55 IST" skipped="0">
  <testcase classname="testngpkg.Facebooktestng" name="test" time="0.264"/>
  <system-out/>
</testsuite> <!-- testngpkg.Facebooktestng -->
