<?xml version="1.0" encoding="UTF-8"?>
<!-- Generated by org.testng.reporters.JUnitReportReporter -->
<testsuite hostname="Vivek" failures="0" tests="1" name="testngpkg.Fileuploadrobotclass" time="3.184" errors="0" timestamp="2024-09-18T12:48:08 IST" skipped="0">
  <testcase classname="testngpkg.Fileuploadrobotclass" name="test" time="3.184"/>
  <system-out/>
</testsuite> <!-- testngpkg.Fileuploadrobotclass -->
