<?xml version="1.0" encoding="UTF-8"?>
<!-- Generated by org.testng.reporters.JUnitReportReporter -->
<testsuite hostname="Vivek" failures="0" tests="1" name="testngpkg.Fblogintest" time="3.586" errors="0" timestamp="2024-09-11T11:30:20 IST" skipped="0">
  <testcase classname="testngpkg.Fblogintest" name="test" time="3.586"/>
  <system-out/>
</testsuite> <!-- testngpkg.Fblogintest -->
