<?xml version="1.0" encoding="UTF-8"?>
<!-- Generated by org.testng.reporters.JUnitReportReporter -->
<testsuite hostname="Vivek" failures="0" tests="1" name="testngpkg.Draganddrop" time="1.099" errors="0" timestamp="2024-09-10T12:39:36 IST" skipped="0">
  <testcase classname="testngpkg.Draganddrop" name="test" time="1.099"/>
  <system-out/>
</testsuite> <!-- testngpkg.Draganddrop -->
